-------------------------------------------------------------------------------
Test set: com.bank.adapter.input.rest.BankingEntityRestControllerTest$GetByTypeEndpointTests
-------------------------------------------------------------------------------
Tests run: 3, Failures: 2, Errors: 0, Skipped: 0, Time elapsed: 0.009 s <<< FAILURE! - in com.bank.adapter.input.rest.BankingEntityRestControllerTest$GetByTypeEndpointTests
com.bank.adapter.input.rest.BankingEntityRestControllerTest$GetByTypeEndpointTests.shouldGetByTypeSupplierSuccessfully  Time elapsed: 0.005 s  <<< FAILURE!
org.opentest4j.AssertionFailedError: 

expected: "SUPPLIER"
 but was: SUPPLIER
	at java.base/jdk.internal.reflect.DirectConstructorHandleAccessor.newInstance(DirectConstructorHandleAccessor.java:62)
	at java.base/java.lang.reflect.Constructor.newInstanceWithCaller(Constructor.java:502)
	at com.bank.adapter.input.rest.BankingEntityRestControllerTest$GetByTypeEndpointTests.shouldGetByTypeSupplierSuccessfully(BankingEntityRestControllerTest.java:382)
	at java.base/java.lang.reflect.Method.invoke(Method.java:580)
	at java.base/java.util.ArrayList.forEach(ArrayList.java:1596)
	at java.base/java.util.ArrayList.forEach(ArrayList.java:1596)
	at java.base/java.util.ArrayList.forEach(ArrayList.java:1596)

com.bank.adapter.input.rest.BankingEntityRestControllerTest$GetByTypeEndpointTests.shouldGetByTypeCustomerSuccessfully  Time elapsed: 0.002 s  <<< FAILURE!
org.opentest4j.AssertionFailedError: 

expected: "CUSTOMER"
 but was: CUSTOMER
	at java.base/jdk.internal.reflect.DirectConstructorHandleAccessor.newInstance(DirectConstructorHandleAccessor.java:62)
	at java.base/java.lang.reflect.Constructor.newInstanceWithCaller(Constructor.java:502)
	at com.bank.adapter.input.rest.BankingEntityRestControllerTest$GetByTypeEndpointTests.shouldGetByTypeCustomerSuccessfully(BankingEntityRestControllerTest.java:331)
	at java.base/java.lang.reflect.Method.invoke(Method.java:580)
	at java.base/java.util.ArrayList.forEach(ArrayList.java:1596)
	at java.base/java.util.ArrayList.forEach(ArrayList.java:1596)
	at java.base/java.util.ArrayList.forEach(ArrayList.java:1596)

